run myself in xterm...
begin setup at /home/crunchbang/downloads/forticlientsslvpn/.//helper...
Checking if pppd is installed...OK
Checking if iproute package is installed...OK
Setup /home/crunchbang/downloads/forticlientsslvpn/.//helper/fctsslvpndaemon
run myself in xterm...
begin setup at /home/crunchbang/Dropbox/skel/bin/forticlientsslvpn/.//helper...
Checking if pppd is installed...OK
Checking if iproute package is installed...OK
Setup /home/crunchbang/Dropbox/skel/bin/forticlientsslvpn/.//helper/fctsslvpndaemon
run myself in xterm...
begin setup at /home/wimac/Dropbox/skel/bin/forticlientsslvpn/.//helper...
Checking if pppd is installed...OK
Checking if iproute package is installed...OK
Setup /home/wimac/Dropbox/skel/bin/forticlientsslvpn/.//helper/fctsslvpndaemon
run myself in xterm...
begin setup at //home/wimac/bin/forticlientsslvpn//helper...
Checking if pppd is installed...OK
Checking if iproute package is installed...OK
Setup //home/wimac/bin/forticlientsslvpn//helper/fctsslvpndaemon
run myself in xterm...
begin setup at //home/wimac/bin/forticlientsslvpn//helper...
run myself in xterm...
begin setup at //home/wimac/bin/forticlientsslvpn//helper...
Checking if pppd is installed...OK
Checking if iproute package is installed...OK
Setup //home/wimac/bin/forticlientsslvpn//helper/fctsslvpndaemon
